<?xml version="1.0" encoding="UTF-8"?>
<!-- Generated by org.testng.reporters.JUnitReportReporter -->
<testsuite name="com.ProjectByJai.testScript.LoginToSalesForce" tests="1" time="32.256" ignored="0" failures="0" timestamp="21 Feb 2019 08:30:26 GMT" skipped="0" hostname="DIN35003515" errors="0">
  <testcase name="testValidLogin" time="32.256" classname="com.ProjectByJai.testScript.LoginToSalesForce"/>
</testsuite> <!-- com.ProjectByJai.testScript.LoginToSalesForce -->
