<?xml version="1.0" encoding="UTF-8"?>
<!-- Generated by org.testng.reporters.JUnitReportReporter -->
<testsuite name="com.ProjectByJai.testScript.TillPaymentPage" tests="1" time="12.034" ignored="3" failures="0" timestamp="30 Oct 2018 13:12:46 GMT" skipped="0" hostname="DIN35003515" errors="0">
  <testcase name="testTillPaymentPage" time="12.034" classname="com.ProjectByJai.testScript.TillPaymentPage"/>
  <testcase name="beforeMethod" classname="com.ProjectByJai.testBase.TestBase">
    <skipped/>
  </testcase> <!-- beforeMethod -->
  <testcase name="beforeSuite" classname="com.ProjectByJai.testBase.TestBase">
    <skipped/>
  </testcase> <!-- beforeSuite -->
  <testcase name="afterTest" classname="com.ProjectByJai.testBase.TestBase">
    <skipped/>
  </testcase> <!-- afterTest -->
</testsuite> <!-- com.ProjectByJai.testScript.TillPaymentPage -->
