<?xml version="1.0" encoding="UTF-8"?>
<!-- Generated by org.testng.reporters.JUnitReportReporter -->
<testsuite name="com.ProjectByJai.testScript.RegistrationTest" tests="1" time="10.070" ignored="0" failures="0" timestamp="08 Oct 2018 09:54:32 GMT" skipped="0" hostname="DIN35003515" errors="0">
  <testcase name="testRegistration" time="10.070" classname="com.ProjectByJai.testScript.RegistrationTest"/>
</testsuite> <!-- com.ProjectByJai.testScript.RegistrationTest -->
